This is pdfTeX, Version 3.1415926-2.4-1.40.13 (MiKTeX 2.9 64-bit) (preloaded format=pdflatex 2013.7.17)  12 AUG 2013 16:33
entering extended mode
**C:/Users/angel/matching.portfolios/matchingportfolios/vignettes/random.portfo
lios.tex

(C:/Users/angel/matching.portfolios/matchingportfolios/vignettes/random.portfol
ios.tex
LaTeX2e <2011/06/27>
Babel <v3.8m> and hyphenation patterns for english, afrikaans, ancientgreek, ar
abic, armenian, assamese, basque, bengali, bokmal, bulgarian, catalan, coptic, 
croatian, czech, danish, dutch, esperanto, estonian, farsi, finnish, french, ga
lician, german, german-x-2012-05-30, greek, gujarati, hindi, hungarian, iceland
ic, indonesian, interlingua, irish, italian, kannada, kurmanji, latin, latvian,
 lithuanian, malayalam, marathi, mongolian, mongolianlmc, monogreek, ngerman, n
german-x-2012-05-30, nynorsk, oriya, panjabi, pinyin, polish, portuguese, roman
ian, russian, sanskrit, serbian, slovak, slovenian, spanish, swedish, swissgerm
an, tamil, telugu, turkish, turkmen, ukenglish, ukrainian, uppersorbian, usengl
ishmax, welsh, loaded.
(C:\MiKTeX\tex\latex\base\article.cls
Document Class: article 2007/10/19 v1.4h Standard LaTeX document class
(C:\MiKTeX\tex\latex\base\size10.clo
File: size10.clo 2007/10/19 v1.4h Standard LaTeX file (size option)
)
\c@part=\count79
\c@section=\count80
\c@subsection=\count81
\c@subsubsection=\count82
\c@paragraph=\count83
\c@subparagraph=\count84
\c@figure=\count85
\c@table=\count86
\abovecaptionskip=\skip41
\belowcaptionskip=\skip42
\bibindent=\dimen102
) (C:\MiKTeX\tex\latex\graphics\graphicx.sty
Package: graphicx 1999/02/16 v1.0f Enhanced LaTeX Graphics (DPC,SPQR)
(C:\MiKTeX\tex\latex\graphics\keyval.sty
Package: keyval 1999/03/16 v1.13 key=value parser (DPC)
\KV@toks@=\toks14
) (C:\MiKTeX\tex\latex\graphics\graphics.sty
Package: graphics 2009/02/05 v1.0o Standard LaTeX Graphics (DPC,SPQR)
(C:\MiKTeX\tex\latex\graphics\trig.sty
Package: trig 1999/03/16 v1.09 sin cos tan (DPC)
) (C:\MiKTeX\tex\latex\00miktex\graphics.cfg
File: graphics.cfg 2007/01/18 v1.5 graphics configuration of teTeX/TeXLive
)
Package graphics Info: Driver file: pdftex.def on input line 91.
(C:\MiKTeX\tex\latex\pdftex-def\pdftex.def
File: pdftex.def 2011/05/27 v0.06d Graphics/color for pdfTeX
(C:\MiKTeX\tex\generic\oberdiek\infwarerr.sty
Package: infwarerr 2010/04/08 v1.3 Providing info/warning/error messages (HO)
) (C:\MiKTeX\tex\generic\oberdiek\ltxcmds.sty
Package: ltxcmds 2011/11/09 v1.22 LaTeX kernel commands for general use (HO)
)
\Gread@gobject=\count87
))
\Gin@req@height=\dimen103
\Gin@req@width=\dimen104
) (C:\MiKTeX\tex\latex\graphics\color.sty
Package: color 2005/11/14 v1.0j Standard LaTeX Color (DPC)
(C:\MiKTeX\tex\latex\00miktex\color.cfg
File: color.cfg 2007/01/18 v1.5 color configuration of teTeX/TeXLive
)
Package color Info: Driver file: pdftex.def on input line 130.
) (C:\MiKTeX\tex\latex\framed\framed.sty
Package: framed 2011/10/22 v 0.96: framed or shaded text with page breaks
\OuterFrameSep=\skip43
\fb@frw=\dimen105
\fb@frh=\dimen106
\FrameRule=\dimen107
\FrameSep=\dimen108
) (C:\MiKTeX\tex\latex\base\alltt.sty
Package: alltt 1997/06/16 v2.0g defines alltt environment
) (C:\MiKTeX\tex\latex\mh\mathtools.sty
Package: mathtools 2013/02/12 v1.13 mathematical typesetting tools
(C:\MiKTeX\tex\latex\tools\calc.sty
Package: calc 2007/08/22 v4.3 Infix arithmetic (KKT,FJ)
\calc@Acount=\count88
\calc@Bcount=\count89
\calc@Adimen=\dimen109
\calc@Bdimen=\dimen110
\calc@Askip=\skip44
\calc@Bskip=\skip45
LaTeX Info: Redefining \setlength on input line 76.
LaTeX Info: Redefining \addtolength on input line 77.
\calc@Ccount=\count90
\calc@Cskip=\skip46
) (C:\MiKTeX\tex\latex\mh\mhsetup.sty
Package: mhsetup 2010/01/21 v1.2a programming setup (MH)
) (C:\MiKTeX\tex\latex\amsmath\amsmath.sty
Package: amsmath 2013/01/14 v2.14 AMS math features
\@mathmargin=\skip47
For additional information on amsmath, use the `?' option.
(C:\MiKTeX\tex\latex\amsmath\amstext.sty
Package: amstext 2000/06/29 v2.01
(C:\MiKTeX\tex\latex\amsmath\amsgen.sty
File: amsgen.sty 1999/11/30 v2.0
\@emptytoks=\toks15
\ex@=\dimen111
)) (C:\MiKTeX\tex\latex\amsmath\amsbsy.sty
Package: amsbsy 1999/11/29 v1.2d
\pmbraise@=\dimen112
) (C:\MiKTeX\tex\latex\amsmath\amsopn.sty
Package: amsopn 1999/12/14 v2.01 operator names
)
\inf@bad=\count91
LaTeX Info: Redefining \frac on input line 210.
\uproot@=\count92
\leftroot@=\count93
LaTeX Info: Redefining \overline on input line 306.
\classnum@=\count94
\DOTSCASE@=\count95
LaTeX Info: Redefining \ldots on input line 378.
LaTeX Info: Redefining \dots on input line 381.
LaTeX Info: Redefining \cdots on input line 466.
\Mathstrutbox@=\box26
\strutbox@=\box27
\big@size=\dimen113
LaTeX Font Info:    Redeclaring font encoding OML on input line 566.
LaTeX Font Info:    Redeclaring font encoding OMS on input line 567.
\macc@depth=\count96
\c@MaxMatrixCols=\count97
\dotsspace@=\muskip10
\c@parentequation=\count98
\dspbrk@lvl=\count99
\tag@help=\toks16
\row@=\count100
\column@=\count101
\maxfields@=\count102
\andhelp@=\toks17
\eqnshift@=\dimen114
\alignsep@=\dimen115
\tagshift@=\dimen116
\tagwidth@=\dimen117
\totwidth@=\dimen118
\lineht@=\dimen119
\@envbody=\toks18
\multlinegap=\skip48
\multlinetaggap=\skip49
\mathdisplay@stack=\toks19
LaTeX Info: Redefining \[ on input line 2665.
LaTeX Info: Redefining \] on input line 2666.
)
LaTeX Info: Thecontrolsequence`\['isalreadyrobust on input line 129.
LaTeX Info: Thecontrolsequence`\]'isalreadyrobust on input line 129.
\g_MT_multlinerow_int=\count103
\l_MT_multwidth_dim=\dimen120
\origjot=\skip50
\l_MT_shortvdotswithinadjustabove_dim=\dimen121
\l_MT_shortvdotswithinadjustbelow_dim=\dimen122
\l_MT_above_intertext_sep=\dimen123
\l_MT_below_intertext_sep=\dimen124
\l_MT_above_shortintertext_sep=\dimen125
\l_MT_below_shortintertext_sep=\dimen126
) (C:\MiKTeX\tex\latex\amsfonts\amsfonts.sty
Package: amsfonts 2013/01/14 v3.01 Basic AMSFonts support
\symAMSa=\mathgroup4
\symAMSb=\mathgroup5
LaTeX Font Info:    Overwriting math alphabet `\mathfrak' in version `bold'
(Font)                  U/euf/m/n --> U/euf/b/n on input line 106.
) (C:\MiKTeX\tex\latex\subfig\subfig.sty
Package: subfig 2005/06/28 ver: 1.3 subfig package
(C:\MiKTeX\tex\latex\caption\caption.sty
Package: caption 2013/05/02 v3.3-89 Customizing captions (AR)
(C:\MiKTeX\tex\latex\caption\caption3.sty
Package: caption3 2013/05/02 v1.6-88 caption3 kernel (AR)
Package caption3 Info: TeX engine: e-TeX on input line 57.
\captionmargin=\dimen127
\captionmargin@=\dimen128
\captionwidth=\dimen129
\caption@tempdima=\dimen130
\caption@indent=\dimen131
\caption@parindent=\dimen132
\caption@hangindent=\dimen133
)
\c@ContinuedFloat=\count104
)
\c@KVtest=\count105
\sf@farskip=\skip51
\sf@captopadj=\dimen134
\sf@capskip=\skip52
\sf@nearskip=\skip53
\c@subfigure=\count106
\c@subfigure@save=\count107
\c@lofdepth=\count108
\c@subtable=\count109
\c@subtable@save=\count110
\c@lotdepth=\count111
\sf@top=\skip54
\sf@bottom=\skip55
) (C:\MiKTeX\tex\latex\float\float.sty
Package: float 2001/11/08 v1.3d Float enhancements (AL)
\c@float@type=\count112
\float@exts=\toks20
\float@box=\box28
\@float@everytoks=\toks21
\@floatcapt=\box29
) (C:/PROGRA~1/R/R-30~1.1/share/texmf/tex/latex\upquote.sty
Package: upquote 2003/08/11 v1.1 Covington's upright-quote modification to verb
atim and verb
(C:\MiKTeX\tex\latex\base\textcomp.sty
Package: textcomp 2005/09/27 v1.99g Standard LaTeX package
Package textcomp Info: Sub-encoding information:
(textcomp)               5 = only ISO-Adobe without \textcurrency
(textcomp)               4 = 5 + \texteuro
(textcomp)               3 = 4 + \textohm
(textcomp)               2 = 3 + \textestimated + \textcurrency
(textcomp)               1 = TS1 - \textcircled - \t
(textcomp)               0 = TS1 (full)
(textcomp)             Font families with sub-encoding setting implement
(textcomp)             only a restricted character set as indicated.
(textcomp)             Family '?' is the default used for unknown fonts.
(textcomp)             See the documentation for details.
Package textcomp Info: Setting ? sub-encoding to TS1/1 on input line 71.
(C:\MiKTeX\tex\latex\base\ts1enc.def
File: ts1enc.def 2001/06/05 v3.0e (jk/car/fm) Standard LaTeX file
)
LaTeX Info: Redefining \oldstylenums on input line 266.
Package textcomp Info: Setting cmr sub-encoding to TS1/0 on input line 281.
Package textcomp Info: Setting cmss sub-encoding to TS1/0 on input line 282.
Package textcomp Info: Setting cmtt sub-encoding to TS1/0 on input line 283.
Package textcomp Info: Setting cmvtt sub-encoding to TS1/0 on input line 284.
Package textcomp Info: Setting cmbr sub-encoding to TS1/0 on input line 285.
Package textcomp Info: Setting cmtl sub-encoding to TS1/0 on input line 286.
Package textcomp Info: Setting ccr sub-encoding to TS1/0 on input line 287.
Package textcomp Info: Setting ptm sub-encoding to TS1/4 on input line 288.
Package textcomp Info: Setting pcr sub-encoding to TS1/4 on input line 289.
Package textcomp Info: Setting phv sub-encoding to TS1/4 on input line 290.
Package textcomp Info: Setting ppl sub-encoding to TS1/3 on input line 291.
Package textcomp Info: Setting pag sub-encoding to TS1/4 on input line 292.
Package textcomp Info: Setting pbk sub-encoding to TS1/4 on input line 293.
Package textcomp Info: Setting pnc sub-encoding to TS1/4 on input line 294.
Package textcomp Info: Setting pzc sub-encoding to TS1/4 on input line 295.
Package textcomp Info: Setting bch sub-encoding to TS1/4 on input line 296.
Package textcomp Info: Setting put sub-encoding to TS1/5 on input line 297.
Package textcomp Info: Setting uag sub-encoding to TS1/5 on input line 298.
Package textcomp Info: Setting ugq sub-encoding to TS1/5 on input line 299.
Package textcomp Info: Setting ul8 sub-encoding to TS1/4 on input line 300.
Package textcomp Info: Setting ul9 sub-encoding to TS1/4 on input line 301.
Package textcomp Info: Setting augie sub-encoding to TS1/5 on input line 302.
Package textcomp Info: Setting dayrom sub-encoding to TS1/3 on input line 303.
Package textcomp Info: Setting dayroms sub-encoding to TS1/3 on input line 304.

Package textcomp Info: Setting pxr sub-encoding to TS1/0 on input line 305.
Package textcomp Info: Setting pxss sub-encoding to TS1/0 on input line 306.
Package textcomp Info: Setting pxtt sub-encoding to TS1/0 on input line 307.
Package textcomp Info: Setting txr sub-encoding to TS1/0 on input line 308.
Package textcomp Info: Setting txss sub-encoding to TS1/0 on input line 309.
Package textcomp Info: Setting txtt sub-encoding to TS1/0 on input line 310.
Package textcomp Info: Setting lmr sub-encoding to TS1/0 on input line 311.
Package textcomp Info: Setting lmdh sub-encoding to TS1/0 on input line 312.
Package textcomp Info: Setting lmss sub-encoding to TS1/0 on input line 313.
Package textcomp Info: Setting lmssq sub-encoding to TS1/0 on input line 314.
Package textcomp Info: Setting lmvtt sub-encoding to TS1/0 on input line 315.
Package textcomp Info: Setting qhv sub-encoding to TS1/0 on input line 316.
Package textcomp Info: Setting qag sub-encoding to TS1/0 on input line 317.
Package textcomp Info: Setting qbk sub-encoding to TS1/0 on input line 318.
Package textcomp Info: Setting qcr sub-encoding to TS1/0 on input line 319.
Package textcomp Info: Setting qcs sub-encoding to TS1/0 on input line 320.
Package textcomp Info: Setting qpl sub-encoding to TS1/0 on input line 321.
Package textcomp Info: Setting qtm sub-encoding to TS1/0 on input line 322.
Package textcomp Info: Setting qzc sub-encoding to TS1/0 on input line 323.
Package textcomp Info: Setting qhvc sub-encoding to TS1/0 on input line 324.
Package textcomp Info: Setting futs sub-encoding to TS1/4 on input line 325.
Package textcomp Info: Setting futx sub-encoding to TS1/4 on input line 326.
Package textcomp Info: Setting futj sub-encoding to TS1/4 on input line 327.
Package textcomp Info: Setting hlh sub-encoding to TS1/3 on input line 328.
Package textcomp Info: Setting hls sub-encoding to TS1/3 on input line 329.
Package textcomp Info: Setting hlst sub-encoding to TS1/3 on input line 330.
Package textcomp Info: Setting hlct sub-encoding to TS1/5 on input line 331.
Package textcomp Info: Setting hlx sub-encoding to TS1/5 on input line 332.
Package textcomp Info: Setting hlce sub-encoding to TS1/5 on input line 333.
Package textcomp Info: Setting hlcn sub-encoding to TS1/5 on input line 334.
Package textcomp Info: Setting hlcw sub-encoding to TS1/5 on input line 335.
Package textcomp Info: Setting hlcf sub-encoding to TS1/5 on input line 336.
Package textcomp Info: Setting pplx sub-encoding to TS1/3 on input line 337.
Package textcomp Info: Setting pplj sub-encoding to TS1/3 on input line 338.
Package textcomp Info: Setting ptmx sub-encoding to TS1/4 on input line 339.
Package textcomp Info: Setting ptmj sub-encoding to TS1/4 on input line 340.
))
(C:\Users\angel\matching.portfolios\matchingportfolios\vignettes\random.portfol
ios.aux)
LaTeX Font Info:    Checking defaults for OML/cmm/m/it on input line 64.
LaTeX Font Info:    ... okay on input line 64.
LaTeX Font Info:    Checking defaults for T1/cmr/m/n on input line 64.
LaTeX Font Info:    ... okay on input line 64.
LaTeX Font Info:    Checking defaults for OT1/cmr/m/n on input line 64.
LaTeX Font Info:    ... okay on input line 64.
LaTeX Font Info:    Checking defaults for OMS/cmsy/m/n on input line 64.
LaTeX Font Info:    ... okay on input line 64.
LaTeX Font Info:    Checking defaults for OMX/cmex/m/n on input line 64.
LaTeX Font Info:    ... okay on input line 64.
LaTeX Font Info:    Checking defaults for U/cmr/m/n on input line 64.
LaTeX Font Info:    ... okay on input line 64.
LaTeX Font Info:    Checking defaults for TS1/cmr/m/n on input line 64.
LaTeX Font Info:    Try loading font information for TS1+cmr on input line 64.
(C:\MiKTeX\tex\latex\base\ts1cmr.fd
File: ts1cmr.fd 1999/05/25 v2.5h Standard LaTeX font definitions
)
LaTeX Font Info:    ... okay on input line 64.
(C:\MiKTeX\tex\context\base\supp-pdf.mkii
[Loading MPS to PDF converter (version 2006.09.02).]
\scratchcounter=\count113
\scratchdimen=\dimen135
\scratchbox=\box30
\nofMPsegments=\count114
\nofMParguments=\count115
\everyMPshowfont=\toks22
\MPscratchCnt=\count116
\MPscratchDim=\dimen136
\MPnumerator=\count117
\makeMPintoPDFobject=\count118
\everyMPtoPDFconversion=\toks23
)
Package caption Info: Begin \AtBeginDocument code.
Package caption Info: subfig package v1.3 is loaded.
Package caption Info: float package is loaded.
Package caption Info: End \AtBeginDocument code.
LaTeX Font Info:    Try loading font information for U+msa on input line 67.
(C:\MiKTeX\tex\latex\amsfonts\umsa.fd
File: umsa.fd 2013/01/14 v3.01 AMS symbols A
)
LaTeX Font Info:    Try loading font information for U+msb on input line 67.
(C:\MiKTeX\tex\latex\amsfonts\umsb.fd
File: umsb.fd 2013/01/14 v3.01 AMS symbols B
)
Package color Info: Redefining color shadecolor on input line 78.
<figure/figure1.pdf, id=1, 361.35pt x 216.81pt>
File: figure/figure1.pdf Graphic file (type pdf)
<use figure/figure1.pdf>
Package pdftex.def Info: figure/figure1.pdf used on input line 79.
(pdftex.def)             Requested size: 345.0pt x 207.00049pt.
[1

{C:/Users/angel/AppData/Local/MiKTeX/2.9/pdftex/config/pdftex.map}]
Package color Info: Redefining color shadecolor on input line 88.
<figure/figure2.pdf, id=10, 361.35pt x 216.81pt>
File: figure/figure2.pdf Graphic file (type pdf)
<use figure/figure2.pdf>
Package pdftex.def Info: figure/figure2.pdf used on input line 89.
(pdftex.def)             Requested size: 345.0pt x 207.00049pt.
[2 <C:/Users/angel/matching.portfolios/matchingportfolios/vignettes/figure/figu
re1.pdf>]
Package color Info: Redefining color shadecolor on input line 101.
<figure/figure3.pdf, id=20, 361.35pt x 216.81pt>
File: figure/figure3.pdf Graphic file (type pdf)
<use figure/figure3.pdf>
Package pdftex.def Info: figure/figure3.pdf used on input line 102.
(pdftex.def)             Requested size: 345.0pt x 207.00049pt.
[3 <C:/Users/angel/matching.portfolios/matchingportfolios/vignettes/figure/figu
re2.pdf>]
Package color Info: Redefining color shadecolor on input line 113.
<figure/figChunk1.pdf, id=31, 361.35pt x 216.81pt>
File: figure/figChunk1.pdf Graphic file (type pdf)
<use figure/figChunk1.pdf>
Package pdftex.def Info: figure/figChunk1.pdf used on input line 114.
(pdftex.def)             Requested size: 345.0pt x 207.00049pt.
[4 <C:/Users/angel/matching.portfolios/matchingportfolios/vignettes/figure/figu
re3.pdf>]
Package color Info: Redefining color shadecolor on input line 123.
<figure/fiveByFiveGrid.pdf, id=41, 361.35pt x 216.81pt>
File: figure/fiveByFiveGrid.pdf Graphic file (type pdf)
<use figure/fiveByFiveGrid.pdf>
Package pdftex.def Info: figure/fiveByFiveGrid.pdf used on input line 124.
(pdftex.def)             Requested size: 345.0pt x 207.00049pt.
[5 <C:/Users/angel/matching.portfolios/matchingportfolios/vignettes/figure/figC
hunk1.pdf>]
Package color Info: Redefining color shadecolor on input line 137.
<figure/hitandrun_walkthrough1.pdf, id=51, 505.89pt x 505.89pt>
File: figure/hitandrun_walkthrough1.pdf Graphic file (type pdf)
<use figure/hitandrun_walkthrough1.pdf>
Package pdftex.def Info: figure/hitandrun_walkthrough1.pdf used on input line 1
38.
(pdftex.def)             Requested size: 345.0pt x 345.00414pt.
[6 <C:/Users/angel/matching.portfolios/matchingportfolios/vignettes/figure/five
ByFiveGrid.pdf>]
Package color Info: Redefining color shadecolor on input line 147.
<figure/hitandrun_walkthrough2.pdf, id=59, 505.89pt x 505.89pt>
File: figure/hitandrun_walkthrough2.pdf Graphic file (type pdf)
<use figure/hitandrun_walkthrough2.pdf>
Package pdftex.def Info: figure/hitandrun_walkthrough2.pdf used on input line 1
48.
(pdftex.def)             Requested size: 345.0pt x 345.00414pt.
[7 <C:/Users/angel/matching.portfolios/matchingportfolios/vignettes/figure/hita
ndrun_walkthrough1.pdf>]
Package color Info: Redefining color shadecolor on input line 157.
<figure/hitandrun_walkthrough3.pdf, id=68, 505.89pt x 505.89pt>
File: figure/hitandrun_walkthrough3.pdf Graphic file (type pdf)
<use figure/hitandrun_walkthrough3.pdf>
Package pdftex.def Info: figure/hitandrun_walkthrough3.pdf used on input line 1
58.
(pdftex.def)             Requested size: 345.0pt x 345.00414pt.
[8 <C:/Users/angel/matching.portfolios/matchingportfolios/vignettes/figure/hita
ndrun_walkthrough2.pdf>]
Package color Info: Redefining color shadecolor on input line 167.
<figure/hitandrun_walkthrough4.pdf, id=76, 505.89pt x 505.89pt>
File: figure/hitandrun_walkthrough4.pdf Graphic file (type pdf)
<use figure/hitandrun_walkthrough4.pdf>
Package pdftex.def Info: figure/hitandrun_walkthrough4.pdf used on input line 1
68.
(pdftex.def)             Requested size: 345.0pt x 345.00414pt.
[9 <C:/Users/angel/matching.portfolios/matchingportfolios/vignettes/figure/hita
ndrun_walkthrough3.pdf>]
Package color Info: Redefining color shadecolor on input line 177.
<figure/hitandrun_walkthrough5.pdf, id=84, 505.89pt x 505.89pt>
File: figure/hitandrun_walkthrough5.pdf Graphic file (type pdf)
<use figure/hitandrun_walkthrough5.pdf>
Package pdftex.def Info: figure/hitandrun_walkthrough5.pdf used on input line 1
78.
(pdftex.def)             Requested size: 345.0pt x 345.00414pt.
[10 <C:/Users/angel/matching.portfolios/matchingportfolios/vignettes/figure/hit
andrun_walkthrough4.pdf>]
Package color Info: Redefining color shadecolor on input line 187.
<figure/hitandrun_walkthrough6.pdf, id=92, 505.89pt x 505.89pt>
File: figure/hitandrun_walkthrough6.pdf Graphic file (type pdf)
<use figure/hitandrun_walkthrough6.pdf>
Package pdftex.def Info: figure/hitandrun_walkthrough6.pdf used on input line 1
88.
(pdftex.def)             Requested size: 345.0pt x 345.00414pt.
[11 <C:/Users/angel/matching.portfolios/matchingportfolios/vignettes/figure/hit
andrun_walkthrough5.pdf>]
Package color Info: Redefining color shadecolor on input line 197.
<figure/hitandrun_walkthrough7.pdf, id=100, 505.89pt x 505.89pt>
File: figure/hitandrun_walkthrough7.pdf Graphic file (type pdf)
<use figure/hitandrun_walkthrough7.pdf>
Package pdftex.def Info: figure/hitandrun_walkthrough7.pdf used on input line 1
98.
(pdftex.def)             Requested size: 345.0pt x 345.00414pt.
[12 <C:/Users/angel/matching.portfolios/matchingportfolios/vignettes/figure/hit
andrun_walkthrough6.pdf>]
Package color Info: Redefining color shadecolor on input line 211.
<figure/mirror_walkthrough1.pdf, id=108, 505.89pt x 505.89pt>
File: figure/mirror_walkthrough1.pdf Graphic file (type pdf)
<use figure/mirror_walkthrough1.pdf>
Package pdftex.def Info: figure/mirror_walkthrough1.pdf used on input line 212.

(pdftex.def)             Requested size: 345.0pt x 345.00414pt.
[13 <C:/Users/angel/matching.portfolios/matchingportfolios/vignettes/figure/hit
andrun_walkthrough7.pdf>]
Package color Info: Redefining color shadecolor on input line 221.
<figure/mirror_walkthrough2.pdf, id=116, 505.89pt x 505.89pt>
File: figure/mirror_walkthrough2.pdf Graphic file (type pdf)
<use figure/mirror_walkthrough2.pdf>
Package pdftex.def Info: figure/mirror_walkthrough2.pdf used on input line 222.

(pdftex.def)             Requested size: 345.0pt x 345.00414pt.
[14 <C:/Users/angel/matching.portfolios/matchingportfolios/vignettes/figure/mir
ror_walkthrough1.pdf>]
Package color Info: Redefining color shadecolor on input line 231.
<figure/mirror_walkthrough3.pdf, id=124, 505.89pt x 505.89pt>
File: figure/mirror_walkthrough3.pdf Graphic file (type pdf)
<use figure/mirror_walkthrough3.pdf>
Package pdftex.def Info: figure/mirror_walkthrough3.pdf used on input line 232.

(pdftex.def)             Requested size: 345.0pt x 345.00414pt.
[15 <C:/Users/angel/matching.portfolios/matchingportfolios/vignettes/figure/mir
ror_walkthrough2.pdf>] [16 <C:/Users/angel/matching.portfolios/matchingportfoli
os/vignettes/figure/mirror_walkthrough3.pdf>]
(C:\Users\angel\matching.portfolios\matchingportfolios\vignettes\random.portfol
ios.aux) ) 
Here is how much of TeX's memory you used:
 4264 strings out of 493921
 64192 string characters out of 3154500
 119300 words of memory out of 3000000
 7500 multiletter control sequences out of 15000+200000
 10888 words of font info for 43 fonts, out of 3000000 for 9000
 841 hyphenation exceptions out of 8191
 44i,6n,42p,1062b,318s stack positions out of 5000i,500n,10000p,200000b,50000s
<C:/MiKTeX/fonts/type1/public/amsfonts/cm/cmbx12.pfb><C:/MiKTeX/fonts
/type1/public/amsfonts/cm/cmmi10.pfb><C:/MiKTeX/fonts/type1/public/amsfonts/cm/
cmr10.pfb><C:/MiKTeX/fonts/type1/public/amsfonts/cm/cmr12.pfb><C:/MiKTeX/fonts/
type1/public/amsfonts/cm/cmr17.pfb>
Output written on random.portfolios.pdf (16 pages, 198081 bytes).
PDF statistics:
 156 PDF objects out of 1000 (max. 8388607)
 0 named destinations out of 1000 (max. 500000)
 76 words of extra memory for PDF output out of 10000 (max. 10000000)

