* using log directory 'C:/Users/Michael/Desktop/randPort/randPort/..Rcheck'
* using R version 2.15.0 (2012-03-30)
* using platform: i386-pc-mingw32 (32-bit)
* using session charset: ISO8859-1
* checking for file './DESCRIPTION' ... OK
* checking extension type ... Package
* this is package 'randPort' version '1.0'
* checking package namespace information ... OK
* checking package dependencies ... OK
* checking if this is a source package ... OK
* checking if there is a namespace ... OK
* checking for executable files ... OK
* checking whether package 'randPort' can be installed ... OK
* checking installed package size ... OK
* checking package directory ... OK
* checking for portable file names ... OK
* checking DESCRIPTION meta-information ... OK
* checking top-level files ... OK
* checking index information ... OK
* checking package subdirectories ... WARNING
Found the following directory(s) with names of check directories:
  ./..Rcheck
Most likely, these were included erroneously.
* checking R files for non-ASCII characters ... OK
* checking R files for syntax errors ... OK
* checking whether the package can be loaded ... OK
* checking whether the package can be loaded with stated dependencies ... OK
* checking whether the package can be unloaded cleanly ... OK
* checking whether the namespace can be loaded with stated dependencies ... OK
* checking whether the namespace can be unloaded cleanly ... OK
* checking for unstated dependencies in R code ... WARNING
package 'methods' is used but not declared
See the information on DESCRIPTION files in the chapter 'Creating R
packages' of the 'Writing R Extensions' manual.
* checking S3 generic/method consistency ... OK
* checking replacement functions ... OK
* checking foreign function calls ... OK
* checking R code for possible problems ... OK
* checking Rd files ... OK
* checking Rd metadata ... OK
* checking Rd cross-references ... OK
* checking for missing documentation entries ... WARNING
Undocumented data sets:
  'jan'
All user-level objects in a package should have documentation entries.
See the chapter 'Writing R documentation files' in the 'Writing R
Extensions' manual.
* checking for code/documentation mismatches ... OK
* checking Rd \usage sections ... OK
* checking Rd contents ... OK
* checking for unstated dependencies in examples ... OK
* checking contents of 'data' directory ... OK
* checking data for non-ASCII characters ... OK
* checking data for ASCII and uncompressed saves ... OK
* checking installed files from 'inst/doc' ... OK
* checking examples ... OK
* checking for unstated dependencies in tests ... WARNING
'library' or 'require' call not declared from: 'testthat'
* checking tests ... OK
  Running 'run-all.R'
* checking PDF version of manual ... OK
WARNING: There were 4 warnings.
See
  'C:/Users/Michael/Desktop/randPort/randPort/..Rcheck/00check.log'
for details.
