* using log directory ‘/Users/mkane/Desktop/WilliamstownWeather/Rstuff/weatherPkg/R/...Rcheck’
* using R version 3.0.1 (2013-05-16)
* using platform: x86_64-apple-darwin10.8.0 (64-bit)
* using session charset: UTF-8
* checking for file ‘../DESCRIPTION’ ... OK
* checking extension type ... Package
* this is package ‘weatherPkg’ version ‘1.0’
* checking package namespace information ... OK
* checking package dependencies ... OK
* checking if this is a source package ... OK
* checking if there is a namespace ... OK
* checking for executable files ... OK
* checking for hidden files and directories ... NOTE
Found the following hidden files and directories:
  .DS_Store
  R/.DS_Store
  R/.Rapp.history
  ..Rcheck
  R/...Rcheck
  R/..Rcheck
These were most likely included in error. See section ‘Package
structure’ in the ‘Writing R Extensions’ manual.
* checking for portable file names ... OK
* checking for sufficient/correct file permissions ... OK
* checking whether package ‘weatherPkg’ can be installed ... ERROR
Installation failed.
See ‘/Users/mkane/Desktop/WilliamstownWeather/Rstuff/weatherPkg/R/...Rcheck/00install.out’ for details.
